2020-11-16 20:42:01,994 [main] INFO  [com.zhy.MyBlogApplication] - Starting MyBlogApplication on FLYFISH with PID 6968 (started by FLYFISH in C:\Users\FLYFISH\Desktop\云收藏\MyBlog-master)
2020-11-16 20:42:01,999 [main] INFO  [com.zhy.MyBlogApplication] - The following profiles are active: dev
2020-11-16 20:42:02,038 [main] INFO  [org.springframework.boot.web.servlet.context.AnnotationConfigServletWebServerApplicationContext] - Refreshing org.springframework.boot.web.servlet.context.AnnotationConfigServletWebServerApplicationContext@76f2bbc1: startup date [Mon Nov 16 20:42:02 CST 2020]; root of context hierarchy
2020-11-16 20:42:02,779 [main] INFO  [org.springframework.data.repository.config.RepositoryConfigurationDelegate] - Multiple Spring Data modules found, entering strict repository configuration mode!
2020-11-16 20:42:03,226 [main] INFO  [org.springframework.context.support.PostProcessorRegistrationDelegate$BeanPostProcessorChecker] - Bean 'org.springframework.transaction.annotation.ProxyTransactionManagementConfiguration' of type [org.springframework.transaction.annotation.ProxyTransactionManagementConfiguration$$EnhancerBySpringCGLIB$$2caeb1a1] is not eligible for getting processed by all BeanPostProcessors (for example: not eligible for auto-proxying)
2020-11-16 20:42:03,350 [main] INFO  [org.springframework.context.support.PostProcessorRegistrationDelegate$BeanPostProcessorChecker] - Bean 'org.springframework.security.config.annotation.configuration.ObjectPostProcessorConfiguration' of type [org.springframework.security.config.annotation.configuration.ObjectPostProcessorConfiguration$$EnhancerBySpringCGLIB$$c55c79db] is not eligible for getting processed by all BeanPostProcessors (for example: not eligible for auto-proxying)
2020-11-16 20:42:03,357 [main] INFO  [org.springframework.context.support.PostProcessorRegistrationDelegate$BeanPostProcessorChecker] - Bean 'objectPostProcessor' of type [org.springframework.security.config.annotation.configuration.AutowireBeanFactoryObjectPostProcessor] is not eligible for getting processed by all BeanPostProcessors (for example: not eligible for auto-proxying)
2020-11-16 20:42:03,359 [main] INFO  [org.springframework.context.support.PostProcessorRegistrationDelegate$BeanPostProcessorChecker] - Bean 'org.springframework.security.access.expression.method.DefaultMethodSecurityExpressionHandler@6d4c273c' of type [org.springframework.security.access.expression.method.DefaultMethodSecurityExpressionHandler] is not eligible for getting processed by all BeanPostProcessors (for example: not eligible for auto-proxying)
2020-11-16 20:42:03,364 [main] INFO  [org.springframework.context.support.PostProcessorRegistrationDelegate$BeanPostProcessorChecker] - Bean 'org.springframework.security.config.annotation.method.configuration.GlobalMethodSecurityConfiguration' of type [org.springframework.security.config.annotation.method.configuration.GlobalMethodSecurityConfiguration$$EnhancerBySpringCGLIB$$ea311c8d] is not eligible for getting processed by all BeanPostProcessors (for example: not eligible for auto-proxying)
2020-11-16 20:42:03,374 [main] INFO  [org.springframework.context.support.PostProcessorRegistrationDelegate$BeanPostProcessorChecker] - Bean 'methodSecurityMetadataSource' of type [org.springframework.security.access.method.DelegatingMethodSecurityMetadataSource] is not eligible for getting processed by all BeanPostProcessors (for example: not eligible for auto-proxying)
2020-11-16 20:42:03,382 [main] INFO  [org.springframework.context.support.PostProcessorRegistrationDelegate$BeanPostProcessorChecker] - Bean 'org.springframework.cache.annotation.ProxyCachingConfiguration' of type [org.springframework.cache.annotation.ProxyCachingConfiguration$$EnhancerBySpringCGLIB$$75c0e7bf] is not eligible for getting processed by all BeanPostProcessors (for example: not eligible for auto-proxying)
2020-11-16 20:42:03,687 [main] INFO  [org.springframework.boot.web.embedded.tomcat.TomcatWebServer] - Tomcat initialized with port(s): 8080 (http)
2020-11-16 20:42:03,753 [main] INFO  [org.apache.coyote.http11.Http11NioProtocol] - Initializing ProtocolHandler ["http-nio-8080"]
2020-11-16 20:42:03,762 [main] INFO  [org.apache.catalina.core.StandardService] - Starting service [Tomcat]
2020-11-16 20:42:03,762 [main] INFO  [org.apache.catalina.core.StandardEngine] - Starting Servlet Engine: Apache Tomcat/8.5.28
2020-11-16 20:42:03,766 [localhost-startStop-1] INFO  [org.apache.catalina.core.AprLifecycleListener] - Loaded APR based Apache Tomcat Native library [1.2.25] using APR version [1.7.0].
2020-11-16 20:42:03,766 [localhost-startStop-1] INFO  [org.apache.catalina.core.AprLifecycleListener] - APR capabilities: IPv6 [true], sendfile [true], accept filters [false], random [true].
2020-11-16 20:42:03,766 [localhost-startStop-1] INFO  [org.apache.catalina.core.AprLifecycleListener] - APR/OpenSSL configuration: useAprConnector [false], useOpenSSL [true]
2020-11-16 20:42:03,769 [localhost-startStop-1] INFO  [org.apache.catalina.core.AprLifecycleListener] - OpenSSL successfully initialized [OpenSSL 1.1.1g  21 Apr 2020]
2020-11-16 20:42:03,846 [localhost-startStop-1] INFO  [org.apache.catalina.core.ContainerBase.[Tomcat].[localhost].[/]] - Initializing Spring embedded WebApplicationContext
2020-11-16 20:42:03,846 [localhost-startStop-1] INFO  [org.springframework.web.context.ContextLoader] - Root WebApplicationContext: initialization completed in 1808 ms
2020-11-16 20:42:03,860 [localhost-startStop-1] INFO  [com.zhy.config.DruidDataSourceConfig] - init Druid Servlet Configuration 
2020-11-16 20:42:04,047 [localhost-startStop-1] INFO  [org.springframework.boot.web.servlet.FilterRegistrationBean] - Mapping filter: 'characterEncodingFilter' to: [/*]
2020-11-16 20:42:04,048 [localhost-startStop-1] INFO  [org.springframework.boot.web.servlet.DelegatingFilterProxyRegistrationBean] - Mapping filter: 'springSecurityFilterChain' to: [/*]
2020-11-16 20:42:04,048 [localhost-startStop-1] INFO  [org.springframework.boot.web.servlet.FilterRegistrationBean] - Mapping filter: 'webStatFilter' to urls: [/*]
2020-11-16 20:42:04,048 [localhost-startStop-1] INFO  [org.springframework.boot.web.servlet.ServletRegistrationBean] - Servlet statViewServlet mapped to [/druid/*]
2020-11-16 20:42:04,049 [localhost-startStop-1] INFO  [org.springframework.boot.web.servlet.ServletRegistrationBean] - Servlet dispatcherServlet mapped to [/]
2020-11-16 20:42:05,219 [main] INFO  [org.springframework.web.servlet.mvc.method.annotation.RequestMappingHandlerMapping] - Mapped "{[/findArchiveNameAndArticleNum],methods=[GET],produces=[application/json;charset=UTF-8]}" onto public java.lang.String com.zhy.controller.ArchivesControl.findArchiveNameAndArticleNum()
2020-11-16 20:42:05,220 [main] INFO  [org.springframework.web.servlet.mvc.method.annotation.RequestMappingHandlerMapping] - Mapped "{[/getArchiveArticle],methods=[GET],produces=[application/json;charset=UTF-8]}" onto public java.lang.String com.zhy.controller.ArchivesControl.getArchiveArticle(java.lang.String,int,int)
2020-11-16 20:42:05,224 [main] INFO  [org.springframework.web.servlet.mvc.method.annotation.RequestMappingHandlerMapping] - Mapped "{[/],methods=[GET]}" onto public java.lang.String com.zhy.controller.BackControl.index(javax.servlet.http.HttpServletRequest,javax.servlet.http.HttpServletResponse)
2020-11-16 20:42:05,225 [main] INFO  [org.springframework.web.servlet.mvc.method.annotation.RequestMappingHandlerMapping] - Mapped "{[/register],methods=[GET]}" onto public java.lang.String com.zhy.controller.BackControl.register()
2020-11-16 20:42:05,225 [main] INFO  [org.springframework.web.servlet.mvc.method.annotation.RequestMappingHandlerMapping] - Mapped "{[/update],methods=[GET]}" onto public java.lang.String com.zhy.controller.BackControl.update(javax.servlet.http.HttpServletRequest)
2020-11-16 20:42:05,225 [main] INFO  [org.springframework.web.servlet.mvc.method.annotation.RequestMappingHandlerMapping] - Mapped "{[/editor],methods=[GET]}" onto public java.lang.String com.zhy.controller.BackControl.editor(javax.servlet.http.HttpServletRequest)
2020-11-16 20:42:05,225 [main] INFO  [org.springframework.web.servlet.mvc.method.annotation.RequestMappingHandlerMapping] - Mapped "{[/user],methods=[GET]}" onto public java.lang.String com.zhy.controller.BackControl.user(javax.servlet.http.HttpServletRequest)
2020-11-16 20:42:05,225 [main] INFO  [org.springframework.web.servlet.mvc.method.annotation.RequestMappingHandlerMapping] - Mapped "{[/categories],methods=[GET]}" onto public java.lang.String com.zhy.controller.BackControl.categories(javax.servlet.http.HttpServletResponse,javax.servlet.http.HttpServletRequest)
2020-11-16 20:42:05,225 [main] INFO  [org.springframework.web.servlet.mvc.method.annotation.RequestMappingHandlerMapping] - Mapped "{[/login],methods=[GET]}" onto public java.lang.String com.zhy.controller.BackControl.login()
2020-11-16 20:42:05,226 [main] INFO  [org.springframework.web.servlet.mvc.method.annotation.RequestMappingHandlerMapping] - Mapped "{[/superadmin],methods=[GET]}" onto public java.lang.String com.zhy.controller.BackControl.superadmin(javax.servlet.http.HttpServletRequest)
2020-11-16 20:42:05,226 [main] INFO  [org.springframework.web.servlet.mvc.method.annotation.RequestMappingHandlerMapping] - Mapped "{[/today],methods=[GET]}" onto public java.lang.String com.zhy.controller.BackControl.today()
2020-11-16 20:42:05,226 [main] INFO  [org.springframework.web.servlet.mvc.method.annotation.RequestMappingHandlerMapping] - Mapped "{[/article/{articleId}],methods=[GET]}" onto public java.lang.String com.zhy.controller.BackControl.show(long,javax.servlet.http.HttpServletResponse,org.springframework.ui.Model,javax.servlet.http.HttpServletRequest)
2020-11-16 20:42:05,226 [main] INFO  [org.springframework.web.servlet.mvc.method.annotation.RequestMappingHandlerMapping] - Mapped "{[/mystory],methods=[GET]}" onto public java.lang.String com.zhy.controller.BackControl.mystory(javax.servlet.http.HttpServletRequest)
2020-11-16 20:42:05,226 [main] INFO  [org.springframework.web.servlet.mvc.method.annotation.RequestMappingHandlerMapping] - Mapped "{[/tags],methods=[GET]}" onto public java.lang.String com.zhy.controller.BackControl.tags(javax.servlet.http.HttpServletResponse,javax.servlet.http.HttpServletRequest)
2020-11-16 20:42:05,226 [main] INFO  [org.springframework.web.servlet.mvc.method.annotation.RequestMappingHandlerMapping] - Mapped "{[/toLogin],methods=[GET]}" onto public void com.zhy.controller.BackControl.toLogin(javax.servlet.http.HttpServletRequest)
2020-11-16 20:42:05,227 [main] INFO  [org.springframework.web.servlet.mvc.method.annotation.RequestMappingHandlerMapping] - Mapped "{[/reward],methods=[GET]}" onto public java.lang.String com.zhy.controller.BackControl.reward(javax.servlet.http.HttpServletRequest)
2020-11-16 20:42:05,227 [main] INFO  [org.springframework.web.servlet.mvc.method.annotation.RequestMappingHandlerMapping] - Mapped "{[/friendlylink],methods=[GET]}" onto public java.lang.String com.zhy.controller.BackControl.friendlylink(javax.servlet.http.HttpServletRequest)
2020-11-16 20:42:05,227 [main] INFO  [org.springframework.web.servlet.mvc.method.annotation.RequestMappingHandlerMapping] - Mapped "{[/archives],methods=[GET]}" onto public java.lang.String com.zhy.controller.BackControl.archives(javax.servlet.http.HttpServletResponse,javax.servlet.http.HttpServletRequest)
2020-11-16 20:42:05,227 [main] INFO  [org.springframework.web.servlet.mvc.method.annotation.RequestMappingHandlerMapping] - Mapped "{[/myheart],methods=[GET]}" onto public java.lang.String com.zhy.controller.BackControl.myheart()
2020-11-16 20:42:05,227 [main] INFO  [org.springframework.web.servlet.mvc.method.annotation.RequestMappingHandlerMapping] - Mapped "{[/ali],methods=[GET]}" onto public java.lang.String com.zhy.controller.BackControl.ali()
2020-11-16 20:42:05,228 [main] INFO  [org.springframework.web.servlet.mvc.method.annotation.RequestMappingHandlerMapping] - Mapped "{[/aboutme],methods=[GET]}" onto public java.lang.String com.zhy.controller.BackControl.aboutme(javax.servlet.http.HttpServletRequest)
2020-11-16 20:42:05,228 [main] INFO  [org.springframework.web.servlet.mvc.method.annotation.RequestMappingHandlerMapping] - Mapped "{[/mylove],methods=[GET]}" onto public java.lang.String com.zhy.controller.BackControl.myLove()
2020-11-16 20:42:05,228 [main] INFO  [org.springframework.web.servlet.mvc.method.annotation.RequestMappingHandlerMapping] - Mapped "{[/findCategoriesNameAndArticleNum],methods=[GET],produces=[application/json;charset=UTF-8]}" onto public java.lang.String com.zhy.controller.CategoriesControl.findCategoriesNameAndArticleNum()
2020-11-16 20:42:05,229 [main] INFO  [org.springframework.web.servlet.mvc.method.annotation.RequestMappingHandlerMapping] - Mapped "{[/getCategoryArticle],methods=[GET],produces=[application/json;charset=UTF-8]}" onto public java.lang.String com.zhy.controller.CategoriesControl.getCategoryArticle(java.lang.String,int,int)
2020-11-16 20:42:05,231 [main] INFO  [org.springframework.web.servlet.mvc.method.annotation.RequestMappingHandlerMapping] - Mapped "{[/addCommentLike],methods=[GET],produces=[application/json;charset=UTF-8]}" onto public java.lang.String com.zhy.controller.CommentControl.addCommentLike(java.lang.String,java.lang.String,java.security.Principal)
2020-11-16 20:42:05,231 [main] INFO  [org.springframework.web.servlet.mvc.method.annotation.RequestMappingHandlerMapping] - Mapped "{[/publishReply],methods=[POST],produces=[application/json;charset=UTF-8]}" onto public java.lang.String com.zhy.controller.CommentControl.publishReply(com.zhy.model.Comment,java.lang.String,java.lang.String,java.security.Principal)
2020-11-16 20:42:05,231 [main] INFO  [org.springframework.web.servlet.mvc.method.annotation.RequestMappingHandlerMapping] - Mapped "{[/publishComment],methods=[POST],produces=[application/json;charset=UTF-8]}" onto public java.lang.String com.zhy.controller.CommentControl.publishComment(com.zhy.model.Comment,java.security.Principal)
2020-11-16 20:42:05,231 [main] INFO  [org.springframework.web.servlet.mvc.method.annotation.RequestMappingHandlerMapping] - Mapped "{[/isLogin],methods=[GET],produces=[application/json;charset=UTF-8]}" onto public java.lang.String com.zhy.controller.CommentControl.isLogin()
2020-11-16 20:42:05,232 [main] INFO  [org.springframework.web.servlet.mvc.method.annotation.RequestMappingHandlerMapping] - Mapped "{[/getAllComment],methods=[POST],produces=[application/json;charset=UTF-8]}" onto public java.lang.String com.zhy.controller.CommentControl.getAllComment(java.lang.Long,java.security.Principal)
2020-11-16 20:42:05,233 [main] INFO  [org.springframework.web.servlet.mvc.method.annotation.RequestMappingHandlerMapping] - Mapped "{[/publishArticle],methods=[POST],produces=[application/json;charset=UTF-8]}" onto public java.lang.String com.zhy.controller.EditorControl.publishArticle(java.security.Principal,com.zhy.model.Article,java.lang.String,javax.servlet.http.HttpServletRequest)
2020-11-16 20:42:05,233 [main] INFO  [org.springframework.web.servlet.mvc.method.annotation.RequestMappingHandlerMapping] - Mapped "{[/getDraftArticle],methods=[GET],produces=[application/json;charset=UTF-8]}" onto public java.lang.String com.zhy.controller.EditorControl.getDraftArticle(javax.servlet.http.HttpServletRequest)
2020-11-16 20:42:05,233 [main] INFO  [org.springframework.web.servlet.mvc.method.annotation.RequestMappingHandlerMapping] - Mapped "{[/canYouWrite],methods=[GET],produces=[application/json;charset=UTF-8]}" onto public java.lang.String com.zhy.controller.EditorControl.canYouWrite(java.security.Principal)
2020-11-16 20:42:05,233 [main] INFO  [org.springframework.web.servlet.mvc.method.annotation.RequestMappingHandlerMapping] - Mapped "{[/uploadImage]}" onto public java.util.Map<java.lang.String, java.lang.Object> com.zhy.controller.EditorControl.uploadImage(javax.servlet.http.HttpServletRequest,javax.servlet.http.HttpServletResponse,org.springframework.web.multipart.MultipartFile)
2020-11-16 20:42:05,233 [main] INFO  [org.springframework.web.servlet.mvc.method.annotation.RequestMappingHandlerMapping] - Mapped "{[/findCategoriesName],methods=[GET],produces=[application/json;charset=UTF-8]}" onto public java.lang.String com.zhy.controller.EditorControl.findCategoriesName()
2020-11-16 20:42:05,234 [main] INFO  [org.springframework.web.servlet.mvc.method.annotation.RequestMappingHandlerMapping] - Mapped "{[/403],methods=[GET]}" onto public java.lang.String com.zhy.controller.ErrorPageControl.error403()
2020-11-16 20:42:05,234 [main] INFO  [org.springframework.web.servlet.mvc.method.annotation.RequestMappingHandlerMapping] - Mapped "{[/404],methods=[GET]}" onto public java.lang.String com.zhy.controller.ErrorPageControl.error404()
2020-11-16 20:42:05,235 [main] INFO  [org.springframework.web.servlet.mvc.method.annotation.RequestMappingHandlerMapping] - Mapped "{[/getFriendLinkInfo],methods=[POST],produces=[application/json;charset=UTF-8]}" onto public java.lang.String com.zhy.controller.FriendlyLinkControl.getFriendLink()
2020-11-16 20:42:05,235 [main] INFO  [org.springframework.web.servlet.mvc.method.annotation.RequestMappingHandlerMapping] - Mapped "{[/getCode],methods=[POST],produces=[application/json;charset=UTF-8]}" onto public java.lang.String com.zhy.controller.GetPhoneCodeControl.getAuthCode(java.lang.String,java.lang.String)
2020-11-16 20:42:05,237 [main] INFO  [org.springframework.web.servlet.mvc.method.annotation.RequestMappingHandlerMapping] - Mapped "{[/findArchivesCategoriesTagsNum],methods=[GET],produces=[application/json;charset=UTF-8]}" onto public java.lang.String com.zhy.controller.IndexControl.findArchivesCategoriesTagsNum()
2020-11-16 20:42:05,237 [main] INFO  [org.springframework.web.servlet.mvc.method.annotation.RequestMappingHandlerMapping] - Mapped "{[/getVisitorNumByPageName],methods=[GET],produces=[application/json;charset=UTF-8]}" onto public java.lang.String com.zhy.controller.IndexControl.getVisitorNumByPageName(javax.servlet.http.HttpServletRequest,java.lang.String)
2020-11-16 20:42:05,237 [main] INFO  [org.springframework.web.servlet.mvc.method.annotation.RequestMappingHandlerMapping] - Mapped "{[/newLeaveWord],methods=[GET],produces=[application/json;charset=UTF-8]}" onto public java.lang.String com.zhy.controller.IndexControl.newLeaveWord(int,int)
2020-11-16 20:42:05,237 [main] INFO  [org.springframework.web.servlet.mvc.method.annotation.RequestMappingHandlerMapping] - Mapped "{[/myArticles],methods=[POST],produces=[application/json;charset=UTF-8]}" onto public java.lang.String com.zhy.controller.IndexControl.myArticles(int,int)
2020-11-16 20:42:05,237 [main] INFO  [org.springframework.web.servlet.mvc.method.annotation.RequestMappingHandlerMapping] - Mapped "{[/getSiteInfo],methods=[GET],produces=[application/json;charset=UTF-8]}" onto public java.lang.String com.zhy.controller.IndexControl.getSiteInfo()
2020-11-16 20:42:05,238 [main] INFO  [org.springframework.web.servlet.mvc.method.annotation.RequestMappingHandlerMapping] - Mapped "{[/findTagsCloud],methods=[GET],produces=[application/json;charset=UTF-8]}" onto public java.lang.String com.zhy.controller.IndexControl.findTagsCloud()
2020-11-16 20:42:05,238 [main] INFO  [org.springframework.web.servlet.mvc.method.annotation.RequestMappingHandlerMapping] - Mapped "{[/submitFeedback],methods=[POST],produces=[application/json;charset=UTF-8]}" onto public java.lang.String com.zhy.controller.IndexControl.submitFeedback(com.zhy.model.FeedBack,java.security.Principal)
2020-11-16 20:42:05,238 [main] INFO  [org.springframework.web.servlet.mvc.method.annotation.RequestMappingHandlerMapping] - Mapped "{[/newComment],methods=[GET],produces=[application/json;charset=UTF-8]}" onto public java.lang.String com.zhy.controller.IndexControl.newComment(int,int)
2020-11-16 20:42:05,239 [main] INFO  [org.springframework.web.servlet.mvc.method.annotation.RequestMappingHandlerMapping] - Mapped "{[/publishLeaveMessage],methods=[POST],produces=[application/json;charset=UTF-8]}" onto public java.lang.String com.zhy.controller.LeaveMessageControl.publishLeaveMessage(java.lang.String,java.lang.String,java.security.Principal)
2020-11-16 20:42:05,239 [main] INFO  [org.springframework.web.servlet.mvc.method.annotation.RequestMappingHandlerMapping] - Mapped "{[/getPageLeaveMessage],methods=[GET],produces=[application/json;charset=UTF-8]}" onto public java.lang.String com.zhy.controller.LeaveMessageControl.getPageLeaveMessage(java.lang.String,java.security.Principal)
2020-11-16 20:42:05,240 [main] INFO  [org.springframework.web.servlet.mvc.method.annotation.RequestMappingHandlerMapping] - Mapped "{[/publishLeaveMessageReply],methods=[POST],produces=[application/json;charset=UTF-8]}" onto public java.lang.String com.zhy.controller.LeaveMessageControl.publishLeaveMessageReply(com.zhy.model.LeaveMessage,java.lang.String,java.lang.String,java.security.Principal)
2020-11-16 20:42:05,240 [main] INFO  [org.springframework.web.servlet.mvc.method.annotation.RequestMappingHandlerMapping] - Mapped "{[/addLeaveMessageLike],methods=[GET],produces=[application/json;charset=UTF-8]}" onto public java.lang.String com.zhy.controller.LeaveMessageControl.addLeaveMessageLike(java.lang.String,java.lang.String,java.security.Principal)
2020-11-16 20:42:05,240 [main] INFO  [org.springframework.web.servlet.mvc.method.annotation.RequestMappingHandlerMapping] - Mapped "{[/changePassword],methods=[POST],produces=[application/json;charset=UTF-8]}" onto public java.lang.String com.zhy.controller.LoginControl.changePassword(java.lang.String,java.lang.String,java.lang.String)
2020-11-16 20:42:05,241 [main] INFO  [org.springframework.web.servlet.mvc.method.annotation.RequestMappingHandlerMapping] - Mapped "{[/getMyStory],methods=[GET],produces=[application/json;charset=UTF-8]}" onto public java.lang.String com.zhy.controller.MyStoryControl.getMyStory(int,int)
2020-11-16 20:42:05,241 [main] INFO  [org.springframework.web.servlet.mvc.method.annotation.RequestMappingHandlerMapping] - Mapped "{[/register],methods=[POST],produces=[application/json;charset=UTF-8]}" onto public java.lang.String com.zhy.controller.RegisterControl.register(com.zhy.model.User,javax.servlet.http.HttpServletRequest)
2020-11-16 20:42:05,241 [main] INFO  [org.springframework.web.servlet.mvc.method.annotation.RequestMappingHandlerMapping] - Mapped "{[/getRewardInfo],methods=[POST],produces=[application/json;charset=UTF-8]}" onto public java.lang.String com.zhy.controller.RewardControl.getRewardInfo()
2020-11-16 20:42:05,242 [main] INFO  [org.springframework.web.servlet.mvc.method.annotation.RequestMappingHandlerMapping] - Mapped "{[/addArticleLike],methods=[GET],produces=[application/json;charset=UTF-8]}" onto public java.lang.String com.zhy.controller.ShowArticleControl.addArticleLike(java.lang.String,java.security.Principal)
2020-11-16 20:42:05,242 [main] INFO  [org.springframework.web.servlet.mvc.method.annotation.RequestMappingHandlerMapping] - Mapped "{[/getArticleByArticleId],methods=[POST],produces=[application/json;charset=UTF-8]}" onto public java.lang.String com.zhy.controller.ShowArticleControl.getArticleById(java.lang.String,java.security.Principal)
2020-11-16 20:42:05,247 [main] INFO  [org.springframework.web.servlet.mvc.method.annotation.RequestMappingHandlerMapping] - Mapped "{[/getFriendLink],methods=[POST],produces=[application/json;charset=UTF-8]}" onto public java.lang.String com.zhy.controller.SuperAdminControl.getFriendLink()
2020-11-16 20:42:05,247 [main] INFO  [org.springframework.web.servlet.mvc.method.annotation.RequestMappingHandlerMapping] - Mapped "{[/getAllPrivateWord],methods=[POST],produces=[application/json;charset=UTF-8]}" onto public java.lang.String com.zhy.controller.SuperAdminControl.getAllPrivateWord()
2020-11-16 20:42:05,247 [main] INFO  [org.springframework.web.servlet.mvc.method.annotation.RequestMappingHandlerMapping] - Mapped "{[/getStatisticsInfo],methods=[GET],produces=[application/json;charset=UTF-8]}" onto public java.lang.String com.zhy.controller.SuperAdminControl.getStatisticsInfo()
2020-11-16 20:42:05,247 [main] INFO  [org.springframework.web.servlet.mvc.method.annotation.RequestMappingHandlerMapping] - Mapped "{[/getArticleManagement],methods=[POST],produces=[application/json;charset=UTF-8]}" onto public java.lang.String com.zhy.controller.SuperAdminControl.getArticleManagement(int,int)
2020-11-16 20:42:05,247 [main] INFO  [org.springframework.web.servlet.mvc.method.annotation.RequestMappingHandlerMapping] - Mapped "{[/getArticleThumbsUp],methods=[POST],produces=[application/json;charset=UTF-8]}" onto public java.lang.String com.zhy.controller.SuperAdminControl.getArticleThumbsUp(int,int)
2020-11-16 20:42:05,248 [main] INFO  [org.springframework.web.servlet.mvc.method.annotation.RequestMappingHandlerMapping] - Mapped "{[/getArticleCategories],methods=[GET],produces=[application/json;charset=UTF-8]}" onto public java.lang.String com.zhy.controller.SuperAdminControl.getArticleCategories()
2020-11-16 20:42:05,248 [main] INFO  [org.springframework.web.servlet.mvc.method.annotation.RequestMappingHandlerMapping] - Mapped "{[/getAllFeedback],methods=[GET],produces=[application/json;charset=UTF-8]}" onto public java.lang.String com.zhy.controller.SuperAdminControl.getAllFeedback(int,int)
2020-11-16 20:42:05,248 [main] INFO  [org.springframework.web.servlet.mvc.method.annotation.RequestMappingHandlerMapping] - Mapped "{[/deleteArticle],methods=[GET],produces=[application/json;charset=UTF-8]}" onto public java.lang.String com.zhy.controller.SuperAdminControl.deleteArticle(java.lang.String)
2020-11-16 20:42:05,248 [main] INFO  [org.springframework.web.servlet.mvc.method.annotation.RequestMappingHandlerMapping] - Mapped "{[/replyPrivateWord],methods=[POST],produces=[application/json;charset=UTF-8]}" onto public java.lang.String com.zhy.controller.SuperAdminControl.replyPrivateWord(java.security.Principal,java.lang.String,java.lang.String)
2020-11-16 20:42:05,249 [main] INFO  [org.springframework.web.servlet.mvc.method.annotation.RequestMappingHandlerMapping] - Mapped "{[/readThisThumbsUp],methods=[GET],produces=[application/json;charset=UTF-8]}" onto public java.lang.String com.zhy.controller.SuperAdminControl.readThisThumbsUp(int)
2020-11-16 20:42:05,249 [main] INFO  [org.springframework.web.servlet.mvc.method.annotation.RequestMappingHandlerMapping] - Mapped "{[/updateCategory],methods=[POST],produces=[application/json;charset=UTF-8]}" onto public java.lang.String com.zhy.controller.SuperAdminControl.updateCategory(java.lang.String,int)
2020-11-16 20:42:05,249 [main] INFO  [org.springframework.web.servlet.mvc.method.annotation.RequestMappingHandlerMapping] - Mapped "{[/readAllThumbsUp],methods=[GET],produces=[application/json;charset=UTF-8]}" onto public java.lang.String com.zhy.controller.SuperAdminControl.readAllThumbsUp()
2020-11-16 20:42:05,249 [main] INFO  [org.springframework.web.servlet.mvc.method.annotation.RequestMappingHandlerMapping] - Mapped "{[/addReward],methods=[POST],produces=[application/json;charset=UTF-8]}" onto public java.lang.String com.zhy.controller.SuperAdminControl.addReward(org.springframework.web.multipart.MultipartFile,javax.servlet.http.HttpServletRequest,com.zhy.model.Reward)
2020-11-16 20:42:05,249 [main] INFO  [org.springframework.web.servlet.mvc.method.annotation.RequestMappingHandlerMapping] - Mapped "{[/deleteFriendLink],methods=[POST],produces=[application/json;charset=UTF-8]}" onto public java.lang.String com.zhy.controller.SuperAdminControl.deleteFriendLink(int)
2020-11-16 20:42:05,250 [main] INFO  [org.springframework.web.servlet.mvc.method.annotation.RequestMappingHandlerMapping] - Mapped "{[/updateFriendLink],methods=[POST],produces=[application/json;charset=UTF-8]}" onto public java.lang.String com.zhy.controller.SuperAdminControl.addFriendLink(java.lang.String,java.lang.String,java.lang.String)
2020-11-16 20:42:05,250 [main] INFO  [org.springframework.web.servlet.mvc.method.annotation.RequestMappingHandlerMapping] - Mapped "{[/deleteReward],methods=[GET],produces=[application/json;charset=UTF-8]}" onto public java.lang.String com.zhy.controller.SuperAdminControl.deleteReward(int)
2020-11-16 20:42:05,250 [main] INFO  [org.springframework.web.servlet.mvc.method.annotation.RequestMappingHandlerMapping] - Mapped "{[/getTagArticle],methods=[POST],produces=[application/json;charset=UTF-8]}" onto public java.lang.String com.zhy.controller.TagsControl.getTagArticle(java.lang.String,int,int)
2020-11-16 20:42:05,251 [main] INFO  [org.springframework.web.servlet.mvc.method.annotation.RequestMappingHandlerMapping] - Mapped "{[/commitTodayWords],methods=[POST],produces=[application/json;charset=UTF-8]}" onto public java.lang.String com.zhy.controller.TodayControl.publishISay(com.zhy.model.DailySpeech,javax.servlet.http.HttpServletRequest)
2020-11-16 20:42:05,251 [main] INFO  [org.springframework.web.servlet.mvc.method.annotation.RequestMappingHandlerMapping] - Mapped "{[/getTodayInfo],methods=[POST],produces=[application/json;charset=UTF-8]}" onto public java.lang.String com.zhy.controller.TodayControl.getTodayInfo(int,int)
2020-11-16 20:42:05,252 [main] INFO  [org.springframework.web.servlet.mvc.method.annotation.RequestMappingHandlerMapping] - Mapped "{[/getUserLeaveWord],methods=[POST],produces=[application/json;charset=UTF-8]}" onto public java.lang.String com.zhy.controller.UserControl.getUserLeaveMessage(int,int,java.security.Principal)
2020-11-16 20:42:05,253 [main] INFO  [org.springframework.web.servlet.mvc.method.annotation.RequestMappingHandlerMapping] - Mapped "{[/getPrivateWordByPublisher],methods=[POST],produces=[application/json;charset=UTF-8]}" onto public java.lang.String com.zhy.controller.UserControl.getPrivateWordByPublisher(int,int,java.security.Principal)
2020-11-16 20:42:05,253 [main] INFO  [org.springframework.web.servlet.mvc.method.annotation.RequestMappingHandlerMapping] - Mapped "{[/getUserPersonalInfo],methods=[POST],produces=[application/json;charset=UTF-8]}" onto public java.lang.String com.zhy.controller.UserControl.getUserPersonalInfo(java.security.Principal)
2020-11-16 20:42:05,253 [main] INFO  [org.springframework.web.servlet.mvc.method.annotation.RequestMappingHandlerMapping] - Mapped "{[/readThisMsg],methods=[GET],produces=[application/json;charset=UTF-8]}" onto public java.lang.String com.zhy.controller.UserControl.readThisMsg(int,int,java.security.Principal)
2020-11-16 20:42:05,253 [main] INFO  [org.springframework.web.servlet.mvc.method.annotation.RequestMappingHandlerMapping] - Mapped "{[/getUserComment],methods=[POST],produces=[application/json;charset=UTF-8]}" onto public java.lang.String com.zhy.controller.UserControl.getUserComment(int,int,java.security.Principal)
2020-11-16 20:42:05,253 [main] INFO  [org.springframework.web.servlet.mvc.method.annotation.RequestMappingHandlerMapping] - Mapped "{[/sendPrivateWord],methods=[POST],produces=[application/json;charset=UTF-8]}" onto public java.lang.String com.zhy.controller.UserControl.sendPrivateWord(java.lang.String,java.security.Principal)
2020-11-16 20:42:05,254 [main] INFO  [org.springframework.web.servlet.mvc.method.annotation.RequestMappingHandlerMapping] - Mapped "{[/readAllMsg],methods=[GET],produces=[application/json;charset=UTF-8]}" onto public java.lang.String com.zhy.controller.UserControl.readAllMsg(int,java.security.Principal)
2020-11-16 20:42:05,254 [main] INFO  [org.springframework.web.servlet.mvc.method.annotation.RequestMappingHandlerMapping] - Mapped "{[/savePersonalDate],methods=[POST],produces=[application/json;charset=UTF-8]}" onto public java.lang.String com.zhy.controller.UserControl.savePersonalDate(com.zhy.model.User,java.security.Principal)
2020-11-16 20:42:05,254 [main] INFO  [org.springframework.web.servlet.mvc.method.annotation.RequestMappingHandlerMapping] - Mapped "{[/getUserNews],methods=[POST],produces=[application/json;charset=UTF-8]}" onto public java.lang.String com.zhy.controller.UserControl.getUserNews(java.security.Principal)
2020-11-16 20:42:05,254 [main] INFO  [org.springframework.web.servlet.mvc.method.annotation.RequestMappingHandlerMapping] - Mapped "{[/uploadHead],methods=[POST],produces=[application/json;charset=UTF-8]}" onto public java.lang.String com.zhy.controller.UserControl.uploadHead(javax.servlet.http.HttpServletRequest,java.security.Principal)
2020-11-16 20:42:05,258 [main] INFO  [org.springframework.web.servlet.mvc.method.annotation.RequestMappingHandlerMapping] - Mapped "{[/error]}" onto public org.springframework.http.ResponseEntity<java.util.Map<java.lang.String, java.lang.Object>> org.springframework.boot.autoconfigure.web.servlet.error.BasicErrorController.error(javax.servlet.http.HttpServletRequest)
2020-11-16 20:42:05,259 [main] INFO  [org.springframework.web.servlet.mvc.method.annotation.RequestMappingHandlerMapping] - Mapped "{[/error],produces=[text/html]}" onto public org.springframework.web.servlet.ModelAndView org.springframework.boot.autoconfigure.web.servlet.error.BasicErrorController.errorHtml(javax.servlet.http.HttpServletRequest,javax.servlet.http.HttpServletResponse)
2020-11-16 20:42:05,329 [main] INFO  [org.springframework.web.servlet.handler.SimpleUrlHandlerMapping] - Mapped URL path [/article/**] onto handler of type [class org.springframework.web.servlet.resource.ResourceHttpRequestHandler]
2020-11-16 20:42:05,330 [main] INFO  [org.springframework.web.servlet.handler.SimpleUrlHandlerMapping] - Mapped URL path [/**] onto handler of type [class org.springframework.web.servlet.resource.ResourceHttpRequestHandler]
2020-11-16 20:42:05,330 [main] INFO  [org.springframework.web.servlet.handler.SimpleUrlHandlerMapping] - Mapped URL path [/template/**] onto handler of type [class org.springframework.web.servlet.resource.ResourceHttpRequestHandler]
2020-11-16 20:42:05,390 [main] INFO  [org.springframework.web.servlet.mvc.method.annotation.RequestMappingHandlerAdapter] - Looking for @ControllerAdvice: org.springframework.boot.web.servlet.context.AnnotationConfigServletWebServerApplicationContext@76f2bbc1: startup date [Mon Nov 16 20:42:02 CST 2020]; root of context hierarchy
2020-11-16 20:42:06,357 [main] INFO  [org.springframework.security.web.DefaultSecurityFilterChain] - Creating filter chain: org.springframework.security.web.util.matcher.AnyRequestMatcher@1, [org.springframework.security.web.context.request.async.WebAsyncManagerIntegrationFilter@613f7eb7, org.springframework.security.web.context.SecurityContextPersistenceFilter@6ee5f485, org.springframework.security.web.header.HeaderWriterFilter@70ede57d, org.springframework.security.web.authentication.logout.LogoutFilter@510689af, org.springframework.security.web.authentication.UsernamePasswordAuthenticationFilter@724bf25f, org.springframework.security.web.savedrequest.RequestCacheAwareFilter@45592af7, org.springframework.security.web.servletapi.SecurityContextHolderAwareRequestFilter@6fa02932, org.springframework.security.web.authentication.AnonymousAuthenticationFilter@565aa4ac, org.springframework.security.web.session.SessionManagementFilter@24dd44f9, org.springframework.security.web.access.ExceptionTranslationFilter@59096b66, org.springframework.security.web.access.intercept.FilterSecurityInterceptor@42679fc2]
2020-11-16 20:42:06,560 [main] INFO  [org.springframework.jmx.export.annotation.AnnotationMBeanExporter] - Registering beans for JMX exposure on startup
2020-11-16 20:42:06,561 [main] INFO  [org.springframework.jmx.export.annotation.AnnotationMBeanExporter] - Bean with name 'druidDataSource' has been autodetected for JMX exposure
2020-11-16 20:42:06,568 [main] INFO  [org.springframework.jmx.export.annotation.AnnotationMBeanExporter] - Located MBean 'druidDataSource': registering with JMX server as MBean [com.alibaba.druid.pool:name=druidDataSource,type=DruidDataSource]
2020-11-16 20:42:06,580 [main] INFO  [org.springframework.scheduling.annotation.ScheduledAnnotationBeanPostProcessor] - No TaskScheduler/ScheduledExecutorService bean found for scheduled processing
2020-11-16 20:42:06,585 [main] INFO  [org.apache.coyote.http11.Http11NioProtocol] - Starting ProtocolHandler ["http-nio-8080"]
2020-11-16 20:42:06,593 [main] INFO  [org.apache.tomcat.util.net.NioSelectorPool] - Using a shared selector for servlet write/read
2020-11-16 20:42:06,604 [main] INFO  [org.springframework.boot.web.embedded.tomcat.TomcatWebServer] - Tomcat started on port(s): 8080 (http) with context path ''
2020-11-16 20:42:06,607 [main] INFO  [com.zhy.MyBlogApplication] - Started MyBlogApplication in 4.977 seconds (JVM running for 6.471)
2020-11-16 20:42:35,053 [http-nio-8080-exec-1] INFO  [org.apache.catalina.core.ContainerBase.[Tomcat].[localhost].[/]] - Initializing Spring FrameworkServlet 'dispatcherServlet'
2020-11-16 20:42:35,053 [http-nio-8080-exec-1] INFO  [org.springframework.web.servlet.DispatcherServlet] - FrameworkServlet 'dispatcherServlet': initialization started
2020-11-16 20:42:35,080 [http-nio-8080-exec-1] INFO  [org.springframework.web.servlet.DispatcherServlet] - FrameworkServlet 'dispatcherServlet': initialization completed in 27 ms
2020-11-16 20:42:36,640 [http-nio-8080-exec-7] INFO  [io.lettuce.core.EpollProvider] - Starting without optional epoll library
2020-11-16 20:42:36,642 [http-nio-8080-exec-7] INFO  [io.lettuce.core.KqueueProvider] - Starting without optional kqueue library
2020-11-16 20:42:36,804 [http-nio-8080-exec-10] INFO  [com.alibaba.druid.pool.DruidDataSource] - {dataSource-1} inited
